<?xml version="1.0" encoding="UTF-8" ?>
<testsuite tests="22" failures="0" name="com.triangle.test.TriangleTest" time="0.029" errors="0" skipped="0">
  <properties>
    <property name="java.runtime.name" value="Java(TM) SE Runtime Environment"/>
    <property name="sun.boot.library.path" value="C:\Users\karuneeru\java\jre\bin"/>
    <property name="java.vm.version" value="25.102-b14"/>
    <property name="java.vm.vendor" value="Oracle Corporation"/>
    <property name="maven.multiModuleProjectDirectory" value="C:\Users\karuneeru\test_proj2\shape\shape"/>
    <property name="java.vendor.url" value="http://java.oracle.com/"/>
    <property name="path.separator" value=";"/>
    <property name="guice.disable.misplaced.annotation.check" value="true"/>
    <property name="java.vm.name" value="Java HotSpot(TM) 64-Bit Server VM"/>
    <property name="file.encoding.pkg" value="sun.io"/>
    <property name="user.script" value=""/>
    <property name="user.country" value="US"/>
    <property name="sun.java.launcher" value="SUN_STANDARD"/>
    <property name="sun.os.patch.level" value=""/>
    <property name="java.vm.specification.name" value="Java Virtual Machine Specification"/>
    <property name="user.dir" value="C:\Users\karuneeru\test_proj2\shape\shape"/>
    <property name="java.runtime.version" value="1.8.0_102-b14"/>
    <property name="java.awt.graphicsenv" value="sun.awt.Win32GraphicsEnvironment"/>
    <property name="java.endorsed.dirs" value="C:\Users\karuneeru\java\jre\lib\endorsed"/>
    <property name="os.arch" value="amd64"/>
    <property name="java.io.tmpdir" value="C:\Users\KARUNE~1\AppData\Local\Temp\"/>
    <property name="line.separator" value="
"/>
    <property name="java.vm.specification.vendor" value="Oracle Corporation"/>
    <property name="user.variant" value=""/>
    <property name="os.name" value="Windows 10"/>
    <property name="classworlds.conf" value="C:\Users\karuneeru\Downloads\apache-maven-3.3.9-bin\apache-maven-3.3.9\bin\..\bin\m2.conf"/>
    <property name="sun.jnu.encoding" value="Cp1252"/>
    <property name="java.library.path" value="C:\Users\karuneeru\java\bin;C:\windows\Sun\Java\bin;C:\windows\system32;C:\windows;C:\ProgramData\Oracle\Java\javapath;C:\Program Files (x86)\Intel\iCLS Client\;C:\Program Files\Intel\iCLS Client\;C:\windows\system32;C:\windows;C:\windows\System32\Wbem;C:\windows\System32\WindowsPowerShell\v1.0\;C:\Program Files (x86)\Intel\Intel(R) Management Engine Components\DAL;C:\Program Files\Intel\Intel(R) Management Engine Components\DAL;C:\Program Files (x86)\Intel\Intel(R) Management Engine Components\IPT;C:\Program Files\Intel\Intel(R) Management Engine Components\IPT;C:\Program Files (x86)\Skype\Phone\;C:\Users\karuneeru\Downloads\apache-maven-3.3.9-bin\apache-maven-3.3.9\bin;C:\Users\karuneeru\java\bin;."/>
    <property name="java.specification.name" value="Java Platform API Specification"/>
    <property name="java.class.version" value="52.0"/>
    <property name="sun.management.compiler" value="HotSpot 64-Bit Tiered Compilers"/>
    <property name="os.version" value="10.0"/>
    <property name="user.home" value="C:\Users\karuneeru"/>
    <property name="user.timezone" value="America/Los_Angeles"/>
    <property name="java.awt.printerjob" value="sun.awt.windows.WPrinterJob"/>
    <property name="java.specification.version" value="1.8"/>
    <property name="file.encoding" value="Cp1252"/>
    <property name="user.name" value="karuneeru"/>
    <property name="java.class.path" value="C:\Users\karuneeru\Downloads\apache-maven-3.3.9-bin\apache-maven-3.3.9\bin\..\boot\plexus-classworlds-2.5.2.jar"/>
    <property name="java.vm.specification.version" value="1.8"/>
    <property name="sun.arch.data.model" value="64"/>
    <property name="java.home" value="C:\Users\karuneeru\java\jre"/>
    <property name="sun.java.command" value="org.codehaus.plexus.classworlds.launcher.Launcher test"/>
    <property name="java.specification.vendor" value="Oracle Corporation"/>
    <property name="user.language" value="en"/>
    <property name="awt.toolkit" value="sun.awt.windows.WToolkit"/>
    <property name="java.vm.info" value="mixed mode"/>
    <property name="java.version" value="1.8.0_102"/>
    <property name="java.ext.dirs" value="C:\Users\karuneeru\java\jre\lib\ext;C:\windows\Sun\Java\lib\ext"/>
    <property name="sun.boot.class.path" value="C:\Users\karuneeru\java\jre\lib\resources.jar;C:\Users\karuneeru\java\jre\lib\rt.jar;C:\Users\karuneeru\java\jre\lib\sunrsasign.jar;C:\Users\karuneeru\java\jre\lib\jsse.jar;C:\Users\karuneeru\java\jre\lib\jce.jar;C:\Users\karuneeru\java\jre\lib\charsets.jar;C:\Users\karuneeru\java\jre\lib\jfr.jar;C:\Users\karuneeru\java\jre\classes"/>
    <property name="sun.stderr.encoding" value="cp437"/>
    <property name="java.vendor" value="Oracle Corporation"/>
    <property name="maven.home" value="C:\Users\karuneeru\Downloads\apache-maven-3.3.9-bin\apache-maven-3.3.9\bin\.."/>
    <property name="file.separator" value="\"/>
    <property name="java.vendor.url.bug" value="http://bugreport.sun.com/bugreport/"/>
    <property name="sun.cpu.endian" value="little"/>
    <property name="sun.io.unicode.encoding" value="UnicodeLittle"/>
    <property name="sun.stdout.encoding" value="cp437"/>
    <property name="sun.desktop" value="windows"/>
    <property name="sun.cpu.isalist" value="amd64"/>
  </properties>
  <testcase classname="com.triangle.test.TriangleTest" name="testValidTriangle" time="0.005"/>
  <testcase classname="com.triangle.test.TriangleTest" name="testScaleneTriangle" time="0"/>
  <testcase classname="com.triangle.test.TriangleTest" name="testMinusSizeTriangle2" time="0.003"/>
  <testcase classname="com.triangle.test.TriangleTest" name="testZeroSizeTriangle1" time="0.002"/>
  <testcase classname="com.triangle.test.TriangleTest" name="testZeroSizeTriangle2" time="0.009"/>
  <testcase classname="com.triangle.test.TriangleTest" name="testInvalidIsoscelesTriangle1" time="0"/>
  <testcase classname="com.triangle.test.TriangleTest" name="testInvalidIsoscelesTriangle2" time="0"/>
  <testcase classname="com.triangle.test.TriangleTest" name="testIsoscelesTriangle1" time="0"/>
  <testcase classname="com.triangle.test.TriangleTest" name="testIsoscelesTriangle2" time="0"/>
  <testcase classname="com.triangle.test.TriangleTest" name="testIsoscelesTriangle3" time="0"/>
  <testcase classname="com.triangle.test.TriangleTest" name="testEquilateralTriangle" time="0"/>
  <testcase classname="com.triangle.test.TriangleTest" name="testInvalidEquilateralTriangle1" time="0"/>
  <testcase classname="com.triangle.test.TriangleTest" name="testInvalidEquilateralTriangle2" time="0"/>
  <testcase classname="com.triangle.test.TriangleTest" name="testInvalidTriangle1" time="0.001"/>
  <testcase classname="com.triangle.test.TriangleTest" name="testInvalidTriangle2" time="0"/>
  <testcase classname="com.triangle.test.TriangleTest" name="testInvalidTriangle3" time="0"/>
  <testcase classname="com.triangle.test.TriangleTest" name="testInvalidTriangle4" time="0.007"/>
  <testcase classname="com.triangle.test.TriangleTest" name="testInvalidTriangle5" time="0.002"/>
  <testcase classname="com.triangle.test.TriangleTest" name="testInvalidScaleneTriangle1" time="0"/>
  <testcase classname="com.triangle.test.TriangleTest" name="testInvalidScaleneTriangle2" time="0"/>
  <testcase classname="com.triangle.test.TriangleTest" name="testInvalidScaleneTriangle3" time="0"/>
  <testcase classname="com.triangle.test.TriangleTest" name="testInvalidScaleneTriangle4" time="0"/>
</testsuite>